


ARM Macro Assembler    Page 1 


    1 00000000         
    2 00000000         ; –û–±—ä—è–≤–ª—è–µ–º –º–∞–∫—Ä–æ–ø–æ–¥—Å—Ç–∞–Ω–æ–≤–∫—É –¥
                       –ª—è –º–∞–∫—Å–∏–º–∞–ª—å–Ω–æ–≥–æ —Ä–∞–∑–º–µ—Ä–∞ –º–∞—Å—Å–
                       ∏–≤–∞  
    3 00000000 00000028 
                       MAX_SIZE
                               EQU              0x28
    4 00000000                 AREA             FUNK, CODE, READONLY
    5 00000000         
    6 00000000         min_find
                               PROC                         ;–ü–æ–∏—Å–∫ –º–∏–Ω–
                                                            ∏–º–∞–ª—å–Ω–æ–≥–æ –
                                                            ∑–Ω–∞—á–µ–Ω–∏—è –∏ 
                                                            –∑–∞–º–µ–Ω–∞ 0 –Ω–∞
                                                             —ç—Ç–æ –∑–Ω–∞—á–µ–
                                                            Ω–∏–µ
    7 00000000                 EXPORT           min_find
    8 00000000         START
    9 00000000 F04F 0200       mov              R2, #0
   10 00000004 F04F 0300       mov              R3, #0      ; —ç–ª–µ–º–µ–Ω—Ç
   11 00000008 6804            LDR              R4, [R0, #0] ; –º–∏–Ω —ç–ª–µ–º–
                                                            µ–Ω—Ç
   12 0000000A         MAIN_CMP
   13 0000000A 2A28            CMP              R2, #MAX_SIZE
   14 0000000C DB00            BLT              COPE
   15 0000000E DA12            BGE              ST
   16 00000010         COPE
   17 00000010 5883            LDR              R3, [R0, R2]
   18 00000012 2C00            CMP              R4, #0
   19 00000014 D004            BEQ              CORECT
   20 00000016 2B00            CMP              R3, #0
   21 00000018 D006            BEQ              NO
   22 0000001A 42A3            CMP              R3, R4
   23 0000001C DB07            BLT              YES
   24 0000001E DA03            BGE              NO
   25 00000020         
   26 00000020         CORECT
   27 00000020 5C84            LDRB             R4, [R0, R2]
   28 00000022 F102 0204       ADD              R2, #4
   29 00000026 E7F3            B                COPE
   30 00000028         
   31 00000028         NO
   32 00000028 F102 0204       add              R2, #4
   33 0000002C E7ED            B                MAIN_CMP
   34 0000002E         YES
   35 0000002E 461C            mov              R4, R3
   36 00000030 F102 0204       add              R2, #4
   37 00000034 E7E9            B                MAIN_CMP
   38 00000036         ST
   39 00000036 F04F 0200       mov              R2, #0
   40 0000003A E7FF            b                START1
   41 0000003C         START1
   42 0000003C 2A28            CMP              R2, #MAX_SIZE
   43 0000003E DB00            blt              SEARCH
   44 00000040 4770            bx               lr
   45 00000042         SEARCH
   46 00000042 5C83            LDRB             R3, [R0, R2]
   47 00000044 2B00            CMP              R3, #0
   48 00000046 D002            BEQ              ZAMENA



ARM Macro Assembler    Page 2 


   49 00000048 F102 0204       add              R2, #4
   50 0000004C E7F6            b                START1
   51 0000004E         ZAMENA
   52 0000004E 548C            STRB             R4, [R1, R2]
   53 00000050 F102 0204       add              R2, #4
   54 00000054 E7F2            b                START1
   55 00000056         
   56 00000056         
   57 00000056                 ENDP
   58 00000056         
   59 00000056         mas_cpy PROC                         ;–ö–æ–ø–∏—Ä–æ–≤–∞–Ω
                                                            –∏–µ –º–∞—Å—Å–∏–≤–∞
                                                            
   60 00000056                 EXPORT           mas_cpy
   61 00000056         DOUBLE
   62 00000056 F04F 0200       mov              R2, #0
   63 0000005A E7FF            B                DA
   64 0000005C         DA
   65 0000005C 2A28            CMP              R2, #MAX_SIZE
   66 0000005E DB00            BLT              COPY
   67 00000060 4770            bx               lr
   68 00000062         COPY
   69 00000062 5C83            LDRB             R3, [R0, R2]
   70 00000064 548B            STRB             R3, [R1, R2]
   71 00000066 F102 0204       add              R2, #4
   72 0000006A E7F7            B                DA
   73 0000006C         
   74 0000006C         
   75 0000006C                 ENDP
   76 0000006C         
   77 0000006C         
   78 0000006C         END
                       
Command Line: --debug --xref --diag_suppress=9931 --cpu=Cortex-M3 --apcs=interw
ork --depend=.\objects\function.d -o.\objects\function.o -IC:\Users\kakka\AppDa
ta\Local\Arm\Packs\Keil\STM32F1xx_DFP\2.3.0\Device\Include --predefine="__EVAL 
SETA 1" --predefine="__UVISION_VERSION SETA 535" --predefine="STM32F10X_MD SETA
 1" --list=.\listings\function.lst function.s



ARM Macro Assembler    Page 1 Alphabetic symbol ordering
Relocatable symbols

COPE 00000010

Symbol: COPE
   Definitions
      At line 16 in file function.s
   Uses
      At line 14 in file function.s
      At line 29 in file function.s

COPY 00000062

Symbol: COPY
   Definitions
      At line 68 in file function.s
   Uses
      At line 66 in file function.s
Comment: COPY used once
CORECT 00000020

Symbol: CORECT
   Definitions
      At line 26 in file function.s
   Uses
      At line 19 in file function.s
Comment: CORECT used once
DA 0000005C

Symbol: DA
   Definitions
      At line 64 in file function.s
   Uses
      At line 63 in file function.s
      At line 72 in file function.s

DOUBLE 00000056

Symbol: DOUBLE
   Definitions
      At line 61 in file function.s
   Uses
      None
Comment: DOUBLE unused
END 0000006C

Symbol: END
   Definitions
      At line 78 in file function.s
   Uses
      None
Comment: END unused
FUNK 00000000

Symbol: FUNK
   Definitions
      At line 4 in file function.s
   Uses
      None
Comment: FUNK unused
MAIN_CMP 0000000A



ARM Macro Assembler    Page 2 Alphabetic symbol ordering
Relocatable symbols


Symbol: MAIN_CMP
   Definitions
      At line 12 in file function.s
   Uses
      At line 33 in file function.s
      At line 37 in file function.s

NO 00000028

Symbol: NO
   Definitions
      At line 31 in file function.s
   Uses
      At line 21 in file function.s
      At line 24 in file function.s

SEARCH 00000042

Symbol: SEARCH
   Definitions
      At line 45 in file function.s
   Uses
      At line 43 in file function.s
Comment: SEARCH used once
ST 00000036

Symbol: ST
   Definitions
      At line 38 in file function.s
   Uses
      At line 15 in file function.s
Comment: ST used once
START 00000000

Symbol: START
   Definitions
      At line 8 in file function.s
   Uses
      None
Comment: START unused
START1 0000003C

Symbol: START1
   Definitions
      At line 41 in file function.s
   Uses
      At line 40 in file function.s
      At line 50 in file function.s
      At line 54 in file function.s

YES 0000002E

Symbol: YES
   Definitions
      At line 34 in file function.s
   Uses
      At line 23 in file function.s
Comment: YES used once



ARM Macro Assembler    Page 3 Alphabetic symbol ordering
Relocatable symbols

ZAMENA 0000004E

Symbol: ZAMENA
   Definitions
      At line 51 in file function.s
   Uses
      At line 48 in file function.s
Comment: ZAMENA used once
mas_cpy 00000056

Symbol: mas_cpy
   Definitions
      At line 59 in file function.s
   Uses
      At line 60 in file function.s
Comment: mas_cpy used once
min_find 00000000

Symbol: min_find
   Definitions
      At line 6 in file function.s
   Uses
      At line 7 in file function.s
Comment: min_find used once
17 symbols



ARM Macro Assembler    Page 1 Alphabetic symbol ordering
Absolute symbols

MAX_SIZE 00000028

Symbol: MAX_SIZE
   Definitions
      At line 3 in file function.s
   Uses
      At line 13 in file function.s
      At line 42 in file function.s
      At line 65 in file function.s

1 symbol
351 symbols in table
