


ARM Macro Assembler    Page 1 


    1 00000000                 GET              stm32_EQU.s
    1 00000000         
    2 00000000         ; –û–ø—Ä–µ–¥–µ–ª–µ–Ω–∏–µ –º–∞–∫—Ä–æ–ø–æ–¥—Å—Ç–∞–Ω–æ–≤–æ–
                       ∫
    3 00000000         
    4 00000000 20000000 
                       STACK   EQU              0x20000000  ;–∞–¥—Ä–µ—Å —Å—Ç–µ–
                                                            ∫–∞
    5 00000000 00000500 
                       STACK_SIZE
                               EQU              0x500       ; —Ä–∞–∑–º–µ—Ä —Å—Ç
                                                            —ç–∫–∞
    6 00000000 20000500 
                       STACK_TOP
                               EQU              STACK+STACK_SIZE ;–≤–µ—Ä—à–∏–Ω–
                                                            ∞ —Å—Ç–µ–∫–∞
    7 00000000         
    8 00000000                 END
    2 00000000         ; –û–±—ä—è–≤–ª—è–µ–º –º–∞–∫—Ä–æ–ø–æ–¥—Å—Ç–∞–Ω–æ–≤–∫—É –¥
                       –ª—è –º–∞–∫—Å–∏–º–∞–ª—å–Ω–æ–≥–æ —Ä–∞–∑–º–µ—Ä–∞ –º–∞—Å—Å–
                       ∏–≤–∞  
    3 00000000 0000000A 
                       MAX_SIZE
                               EQU              0xA
    4 00000000         ; –û–±—ä—è–≤–ª—è–µ–º –ø–∞–º—è—Ç—å –∫–æ–Ω—Å—Ç–∞–Ω—Ç
    5 00000000                 AREA             CONSTANT_FLASH, DATA, READONLY
    6 00000000         ; –ó–¥–µ—Å—å –æ–±—ä—è–≤–ª—è—é—Ç—Å—è –∫–æ–Ω—Å—Ç–∞–Ω—Ç—ã
    7 00000000         ; –ò–Ω–∏—Ü–∏–∞–ª–∏–∑–∞—Ü–∏—è –º–∞—Å—Å–∏–≤–∞ mass —Å –ø—Ä
                       –æ–∏–∑–≤–æ–ª—å–Ω—ã–º–∏ –∑–Ω–∞—á–µ–Ω–∏—è–º–∏
    8 00000000 07 FF 03 
              06 05 F9 
              07 09 FE 
              FF       mas     DCB              7, -1, 3, 6, 5, -7, 7, 9, -2, -
1
    9 0000000A 02 F8 02 
              04 03 07 
              05 07 FD 
              FC       mas2    DCB              2, -8, 2, 4, 3, 7, 5, 7, -3, -4
   10 00000014         ; –û–±—ä—è–≤–ª—è–µ–º —Å–µ–≥–º–µ–Ω—Ç –ø–µ—Ä–µ–º–µ–Ω–Ω—ã—Ö
                       
   11 00000014                 AREA             VERIABLE_RAM, DATA, READWRITE
   12 00000000         ; –ó–¥–µ—Å—å –æ–±—ä—è–≤–ª—è—é—Ç—Å—è –ø–µ—Ä–µ–º–µ–Ω–Ω—ã–µ
                       
   13 00000000         
   14 00000000 00 00 00 
              00 00 00 
              00 00 00 
              00 00 00 
              00 00 00 
              00 00 00 
              00 00 00 
              00 00 00 
              00 00 00 
              00 00 00 
              00 00 00 
              00 00 00 result  SPACE            0x24
   15 00000024 00 00 00 
              00 00 00 
              00 00 00 



ARM Macro Assembler    Page 2 


              00 00 00 
              00 00 00 
              00 00 00 
              00 00 00 
              00 00 00 
              00 00 00 
              00 00 00 
              00 00 00 
              00 00 00 result2 SPACE            0x24
   16 00000048         
   17 00000048                 AREA             MAIN, CODE, READONLY
   18 00000000         __main  PROC
   19 00000000                 EXPORT           __main
   20 00000000                 IMPORT           Search_zero
   21 00000000 4804            LDR              R0, =mas
   22 00000002 4905            LDR              R1, =result
   23 00000004 F7FF FFFE       BL               Search_zero
   24 00000008         
   25 00000008 4804            LDR              R0, =mas2
   26 0000000A 4905            LDR              R1, =result2
   27 0000000C F7FF FFFE       BL               Search_zero
   28 00000010         
   29 00000010         while
   30 00000010 E7FE            B                while
   31 00000012                 ENDP
   32 00000012                 END
              00 00 00000000 
              00000000 
              00000000 
              00000000 
Command Line: --debug --xref --cpu=Cortex-M3 --apcs=interwork --depend=.\object
s\main.d -o.\objects\main.o -I"H:\CUMP\Yurev Pavel\ÕÓ‚‡ˇ Ô‡ÔÍ‡\RTE" -IC:\Keil_v
5\ARM\PACK\Keil\STM32F1xx_DFP\1.0.5\Device\Include -IC:\Keil_v5\ARM\CMSIS\Inclu
de --predefine="__EVAL SETA 1" --predefine="STM32F10X_MD SETA 1" --list=.\listi
ngs\main.lst main.s



ARM Macro Assembler    Page 1 Alphabetic symbol ordering
Relocatable symbols

CONSTANT_FLASH 00000000

Symbol: CONSTANT_FLASH
   Definitions
      At line 5 in file main.s
   Uses
      None
Comment: CONSTANT_FLASH unused
mas 00000000

Symbol: mas
   Definitions
      At line 8 in file main.s
   Uses
      At line 21 in file main.s
Comment: mas used once
mas2 0000000A

Symbol: mas2
   Definitions
      At line 9 in file main.s
   Uses
      At line 25 in file main.s
Comment: mas2 used once
3 symbols



ARM Macro Assembler    Page 1 Alphabetic symbol ordering
Relocatable symbols

VERIABLE_RAM 00000000

Symbol: VERIABLE_RAM
   Definitions
      At line 11 in file main.s
   Uses
      None
Comment: VERIABLE_RAM unused
result 00000000

Symbol: result
   Definitions
      At line 14 in file main.s
   Uses
      At line 22 in file main.s
Comment: result used once
result2 00000024

Symbol: result2
   Definitions
      At line 15 in file main.s
   Uses
      At line 26 in file main.s
Comment: result2 used once
3 symbols



ARM Macro Assembler    Page 1 Alphabetic symbol ordering
Relocatable symbols

MAIN 00000000

Symbol: MAIN
   Definitions
      At line 17 in file main.s
   Uses
      None
Comment: MAIN unused
__main 00000000

Symbol: __main
   Definitions
      At line 18 in file main.s
   Uses
      At line 19 in file main.s
Comment: __main used once
while 00000010

Symbol: while
   Definitions
      At line 29 in file main.s
   Uses
      At line 30 in file main.s
Comment: while used once
3 symbols



ARM Macro Assembler    Page 1 Alphabetic symbol ordering
Absolute symbols

MAX_SIZE 0000000A

Symbol: MAX_SIZE
   Definitions
      At line 3 in file main.s
   Uses
      None
Comment: MAX_SIZE unused
STACK 20000000

Symbol: STACK
   Definitions
      At line 4 in file stm32_EQU.s
   Uses
      At line 6 in file stm32_EQU.s
Comment: STACK used once
STACK_SIZE 00000500

Symbol: STACK_SIZE
   Definitions
      At line 5 in file stm32_EQU.s
   Uses
      At line 6 in file stm32_EQU.s
Comment: STACK_SIZE used once
STACK_TOP 20000500

Symbol: STACK_TOP
   Definitions
      At line 6 in file stm32_EQU.s
   Uses
      None
Comment: STACK_TOP unused
4 symbols



ARM Macro Assembler    Page 1 Alphabetic symbol ordering
External symbols

Search_zero 00000000

Symbol: Search_zero
   Definitions
      At line 20 in file main.s
   Uses
      At line 23 in file main.s
      At line 27 in file main.s

1 symbol
348 symbols in table
