


ARM Macro Assembler    Page 1 


    1 00000000                 GET              stm32_EQU.s
    1 00000000 20000000 
                       STACK   EQU              0x20000000
    2 00000000 00000500 
                       STACK_SIZE
                               EQU              0x500
    3 00000000 20000500 
                       STACK_TOP
                               EQU              STACK+STACK_SIZE
    4 00000000         
    5 00000000 00000000 
                       NULL    EQU              0x00
    6 00000000 00000001 
                       ONE     EQU              0x01
    7 00000000                 END
    2 00000000         
    3 00000000 0000000A 
                       MAX_SIZE
                               EQU              0xA
    4 00000000         
    5 00000000                 AREA             CONSTANT_FLASH, DATA, READONLY
    6 00000000         
    7 00000000 06 05 07 
              00 04 0F 
              09 00 07 
              01       mas1    DCB              6, 5, 7, 0, 4, 15, 9, 0, 7, 1
    8 0000000A 00 0F 0B 
              00 00 03 
              09 00 08 
              04       mas2    DCB              0, 15, 11, 0, 0, 3, 9, 0, 8, 4
    9 00000014 07 10 02 
              00 05 0A 
              00 00 05 
              03       mas3    DCB              7, 16, 2, 0, 5, 10, 0, 0, 5, 3
   10 0000001E 09 00 00 
              00 04 02 
              04 00 03 
              0A       mas4    DCB              9, 0, 0, 0, 4, 2, 4, 0, 3, 10
   11 00000028                 AREA             VERIABLE_RAM, DATA, READWRITE
   12 00000000         
   13 00000000 00 00 00 
              00 00 00 
              00 00 00 
              00 00 00 
              00 00 00 
              00       result1 SPACE            0x10
   14 00000010 00 00 00 
              00 00 00 
              00 00 00 
              00 00 00 
              00 00 00 
              00       result2 SPACE            0x10
   15 00000020 00 00 00 
              00 00 00 
              00 00 00 
              00 00 00 
              00 00 00 
              00       result3 SPACE            0x10
   16 00000030 00 00 00 



ARM Macro Assembler    Page 2 


              00 00 00 
              00 00 00 
              00 00 00 
              00 00 00 
              00       result4 SPACE            0x10
   17 00000040         
   18 00000040                 AREA             MAIN, CODE, READONLY
   19 00000000                 THUMB
   20 00000000         
   21 00000000         main    PROC
   22 00000000 4E38            LDR              R6, =mas1
   23 00000002 F8DF 80E4       LDR              R8,=result1
   24 00000006 E92D 01FF       push             {R0-R8}
   25 0000000A F7FF FFFE       bl               var13
   26 0000000E E8BD 01FF       pop              {R0-R8}
   27 00000012 F7FF FFFE       bl               min_find
   28 00000016 E8BD 01FF       pop              {R0-R8}
   29 0000001A 4E34            LDR              R6, =mas2
   30 0000001C F8DF 80D0       LDR              R8,=result2
   31 00000020 E92D 01FF       push             {R0-R8}
   32 00000024 F7FF FFFE       bl               var13
   33 00000028 E8BD 01FF       pop              {R0-R8}
   34 0000002C F7FF FFFE       bl               min_find
   35 00000030 E8BD 01FF       pop              {R0-R8}
   36 00000034 4E2F            LDR              R6, =mas3
   37 00000036 F8DF 80C0       LDR              R8,=result3
   38 0000003A E92D 01FF       push             {R0-R8}
   39 0000003E F7FF FFFE       bl               var13
   40 00000042 E8BD 01FF       pop              {R0-R8}
   41 00000046 F7FF FFFE       bl               min_find
   42 0000004A E8BD 01FF       pop              {R0-R8}
   43 0000004E 4E2B            LDR              R6, =mas4
   44 00000050 F8DF 80AC       LDR              R8,=result4
   45 00000054 E92D 01FF       push             {R0-R8}
   46 00000058 F7FF FFFE       bl               var13
   47 0000005C E8BD 01FF       pop              {R0-R8}
   48 00000060 F7FF FFFE       bl               min_find
   49 00000064 E8BD 01FF       pop              {R0-R8}
   50 00000068         loop
   51 00000068         
   52 00000068 E7FE            B                loop
   53 0000006A         
   54 0000006A         ENDP
   55 0000006A         
   56 0000006A         
   57 0000006A         var13   PROC
   58 0000006A B500            push             {lr}
   59 0000006C F04F 0300       mov              R3, #0      ;i
   60 00000070 7835            LDRB             R5, [R6, #0]
   61 00000072 F7FF FFFE       bl               mas_cpy
   62 00000076 F85D EB04       pop              {lr}
   63 0000007A 4770            bx               lr
   64 0000007C         
   65 0000007C                 ENDP
   66 0000007C         
   67 0000007C         min_find
                               PROC
   68 0000007C         
   69 0000007C         MAIN_CMP



ARM Macro Assembler    Page 3 


   70 0000007C 2B0A            CMP              R3, #MAX_SIZE
   71 0000007E DB01            BLT              COPE
   72 00000080 DA13            BGE              ST
   73 00000082 4770            bx               lr
   74 00000084         COPE
   75 00000084 5CF7            LDRB             R7, [R6, R3]
   76 00000086 2D00            CMP              R5, #0
   77 00000088 D004            BEQ              CORECT
   78 0000008A 2F00            CMP              R7, #0
   79 0000008C D006            BEQ              NO
   80 0000008E 42AF            CMP              R7, R5
   81 00000090 DB07            BLT              YES
   82 00000092 DA03            BGE              NO
   83 00000094         
   84 00000094         CORECT
   85 00000094 5CF5            LDRB             R5, [R6, R3]
   86 00000096 F103 0301       ADD              R3, #1
   87 0000009A E7F3            B                COPE
   88 0000009C         
   89 0000009C         NO
   90 0000009C F103 0301       add              R3, #1
   91 000000A0 E7EC            B                MAIN_CMP
   92 000000A2         YES
   93 000000A2 463D            mov              R5, R7
   94 000000A4 F103 0301       add              R3, #1
   95 000000A8 E7E8            B                MAIN_CMP
   96 000000AA         ST
   97 000000AA F04F 0300       mov              R3, #0
   98 000000AE E7FF            b                START
   99 000000B0         START
  100 000000B0 2B0A            CMP              R3, #MAX_SIZE
  101 000000B2 DB00            blt              SEARCH
  102 000000B4 4770            bx               lr
  103 000000B6         SEARCH
  104 000000B6 5CF7            LDRB             R7, [R6, R3]
  105 000000B8 2F00            CMP              R7, #0
  106 000000BA D002            BEQ              ZAMENA
  107 000000BC F103 0301       add              R3, 1
  108 000000C0 E7F6            b                START
  109 000000C2         ZAMENA
  110 000000C2 F808 5003       STRB             R5, [R8, R3]
  111 000000C6 F103 0301       add              R3, 1
  112 000000CA E7F1            b                START
  113 000000CC         
  114 000000CC         
  115 000000CC                 ENDP
  116 000000CC         
  117 000000CC         mas_cpy PROC
  118 000000CC         
  119 000000CC         DOUBLE
  120 000000CC F04F 0300       mov              R3, #0
  121 000000D0 E7FF            B                DA
  122 000000D2         DA
  123 000000D2 2B0A            CMP              R3, #MAX_SIZE
  124 000000D4 DB00            BLT              COPY
  125 000000D6 4770            bx               lr
  126 000000D8         COPY
  127 000000D8 5CF7            LDRB             R7, [R6, R3]
  128 000000DA F808 7003       STRB             R7, [R8, R3]



ARM Macro Assembler    Page 4 


  129 000000DE F103 0301       add              R3, #1
  130 000000E2 E7F6            B                DA
  131 000000E4         
  132 000000E4         
  133 000000E4                 ENDP
  134 000000E4         
  135 000000E4         
  136 000000E4         END
                       
              00000000 
              00000000 
              00000000 
              00000000 
              00000000 
              00000000 
              00000000 
              00000000 
Command Line: --debug --xref --diag_suppress=9931 --cpu=Cortex-M3 --apcs=interw
ork --depend=.\objects\main.d -o.\objects\main.o -IC:\Users\kakka\AppData\Local
\Arm\Packs\Keil\STM32F1xx_DFP\2.3.0\Device\Include --predefine="__EVAL SETA 1" 
--predefine="__UVISION_VERSION SETA 535" --predefine="STM32F10X_MD SETA 1" --li
st=.\listings\main.lst main.s



ARM Macro Assembler    Page 1 Alphabetic symbol ordering
Relocatable symbols

CONSTANT_FLASH 00000000

Symbol: CONSTANT_FLASH
   Definitions
      At line 5 in file main.s
   Uses
      None
Comment: CONSTANT_FLASH unused
mas1 00000000

Symbol: mas1
   Definitions
      At line 7 in file main.s
   Uses
      At line 22 in file main.s
Comment: mas1 used once
mas2 0000000A

Symbol: mas2
   Definitions
      At line 8 in file main.s
   Uses
      At line 29 in file main.s
Comment: mas2 used once
mas3 00000014

Symbol: mas3
   Definitions
      At line 9 in file main.s
   Uses
      At line 36 in file main.s
Comment: mas3 used once
mas4 0000001E

Symbol: mas4
   Definitions
      At line 10 in file main.s
   Uses
      At line 43 in file main.s
Comment: mas4 used once
5 symbols



ARM Macro Assembler    Page 1 Alphabetic symbol ordering
Relocatable symbols

VERIABLE_RAM 00000000

Symbol: VERIABLE_RAM
   Definitions
      At line 11 in file main.s
   Uses
      None
Comment: VERIABLE_RAM unused
result1 00000000

Symbol: result1
   Definitions
      At line 13 in file main.s
   Uses
      At line 23 in file main.s
Comment: result1 used once
result2 00000010

Symbol: result2
   Definitions
      At line 14 in file main.s
   Uses
      At line 30 in file main.s
Comment: result2 used once
result3 00000020

Symbol: result3
   Definitions
      At line 15 in file main.s
   Uses
      At line 37 in file main.s
Comment: result3 used once
result4 00000030

Symbol: result4
   Definitions
      At line 16 in file main.s
   Uses
      At line 44 in file main.s
Comment: result4 used once
5 symbols



ARM Macro Assembler    Page 1 Alphabetic symbol ordering
Relocatable symbols

COPE 00000084

Symbol: COPE
   Definitions
      At line 74 in file main.s
   Uses
      At line 71 in file main.s
      At line 87 in file main.s

COPY 000000D8

Symbol: COPY
   Definitions
      At line 126 in file main.s
   Uses
      At line 124 in file main.s
Comment: COPY used once
CORECT 00000094

Symbol: CORECT
   Definitions
      At line 84 in file main.s
   Uses
      At line 77 in file main.s
Comment: CORECT used once
DA 000000D2

Symbol: DA
   Definitions
      At line 122 in file main.s
   Uses
      At line 121 in file main.s
      At line 130 in file main.s

DOUBLE 000000CC

Symbol: DOUBLE
   Definitions
      At line 119 in file main.s
   Uses
      None
Comment: DOUBLE unused
END 000000E4

Symbol: END
   Definitions
      At line 136 in file main.s
   Uses
      None
Comment: END unused
ENDP 0000006A

Symbol: ENDP
   Definitions
      At line 54 in file main.s
   Uses
      None
Comment: ENDP unused
MAIN 00000000



ARM Macro Assembler    Page 2 Alphabetic symbol ordering
Relocatable symbols


Symbol: MAIN
   Definitions
      At line 18 in file main.s
   Uses
      None
Comment: MAIN unused
MAIN_CMP 0000007C

Symbol: MAIN_CMP
   Definitions
      At line 69 in file main.s
   Uses
      At line 91 in file main.s
      At line 95 in file main.s

NO 0000009C

Symbol: NO
   Definitions
      At line 89 in file main.s
   Uses
      At line 79 in file main.s
      At line 82 in file main.s

SEARCH 000000B6

Symbol: SEARCH
   Definitions
      At line 103 in file main.s
   Uses
      At line 101 in file main.s
Comment: SEARCH used once
ST 000000AA

Symbol: ST
   Definitions
      At line 96 in file main.s
   Uses
      At line 72 in file main.s
Comment: ST used once
START 000000B0

Symbol: START
   Definitions
      At line 99 in file main.s
   Uses
      At line 98 in file main.s
      At line 108 in file main.s
      At line 112 in file main.s

YES 000000A2

Symbol: YES
   Definitions
      At line 92 in file main.s
   Uses
      At line 81 in file main.s
Comment: YES used once



ARM Macro Assembler    Page 3 Alphabetic symbol ordering
Relocatable symbols

ZAMENA 000000C2

Symbol: ZAMENA
   Definitions
      At line 109 in file main.s
   Uses
      At line 106 in file main.s
Comment: ZAMENA used once
loop 00000068

Symbol: loop
   Definitions
      At line 50 in file main.s
   Uses
      At line 52 in file main.s
Comment: loop used once
main 00000000

Symbol: main
   Definitions
      At line 21 in file main.s
   Uses
      None
Comment: main unused
mas_cpy 000000CC

Symbol: mas_cpy
   Definitions
      At line 117 in file main.s
   Uses
      At line 61 in file main.s
Comment: mas_cpy used once
min_find 0000007C

Symbol: min_find
   Definitions
      At line 67 in file main.s
   Uses
      At line 27 in file main.s
      At line 34 in file main.s
      At line 41 in file main.s
      At line 48 in file main.s

var13 0000006A

Symbol: var13
   Definitions
      At line 57 in file main.s
   Uses
      At line 25 in file main.s
      At line 32 in file main.s
      At line 39 in file main.s
      At line 46 in file main.s

20 symbols



ARM Macro Assembler    Page 1 Alphabetic symbol ordering
Absolute symbols

MAX_SIZE 0000000A

Symbol: MAX_SIZE
   Definitions
      At line 3 in file main.s
   Uses
      At line 70 in file main.s
      At line 100 in file main.s
      At line 123 in file main.s

NULL 00000000

Symbol: NULL
   Definitions
      At line 5 in file stm32_EQU.s
   Uses
      None
Comment: NULL unused
ONE 00000001

Symbol: ONE
   Definitions
      At line 6 in file stm32_EQU.s
   Uses
      None
Comment: ONE unused
STACK 20000000

Symbol: STACK
   Definitions
      At line 1 in file stm32_EQU.s
   Uses
      At line 3 in file stm32_EQU.s
Comment: STACK used once
STACK_SIZE 00000500

Symbol: STACK_SIZE
   Definitions
      At line 2 in file stm32_EQU.s
   Uses
      At line 3 in file stm32_EQU.s
Comment: STACK_SIZE used once
STACK_TOP 20000500

Symbol: STACK_TOP
   Definitions
      At line 3 in file stm32_EQU.s
   Uses
      None
Comment: STACK_TOP unused
6 symbols
371 symbols in table
